Diagnose log at 2026-06-29T03:30:32Z

AppPath: C:\Users\Nico Laguitan\AppData\Local\Programs\Git\mingw64\bin\git-credential-manager.exe
InstallDir: C:\Users\Nico Laguitan\AppData\Local\Programs\Git\mingw64\bin\
Version: 2.6.1+786ab03440ddc82e807a97c0e540f5247e44cec6

------------
Diagnostic: Environment
Skipped: False
Success: True
Exception: None
Log:
OSType: Windows
OSVersion: 10.0 (build 22631)
Reading environment variables... OK
 Variables:
HOMEPATH=\Users\Nico Laguitan
DriverData=C:\Windows\System32\Drivers\DriverData
COMPUTERNAME=POFSIS
GIT_TRACE2_PARENT_SID=c83bb446-1ee4-4fa3-8471-0e7a18714701
CommonProgramFiles(x86)=C:\Program Files (x86)\Common Files
OneDrive=C:\Users\Nico Laguitan\OneDrive
WT_PROFILE_ID={61c54bbd-c2c6-5271-96e7-009a87ff44bf}
TMP=C:\Users\NICOLA~1\AppData\Local\Temp
HOME=C:\Users\Nico Laguitan
PROCESSOR_REVISION=5e03
PATHEXT=.COM;.EXE;.BAT;.CMD;.VBS;.VBE;.JS;.JSE;.WSF;.WSH;.MSC;.CPL
GIT_EXEC_PATH=C:/Users/Nico Laguitan/AppData/Local/Programs/Git/mingw64/libexec/git-core
TEMP=C:\Users\NICOLA~1\AppData\Local\Temp
LOCALAPPDATA=C:\Users\Nico Laguitan\AppData\Local
MSYSTEM=MINGW64
TERM=xterm-256color
COLORTERM=truecolor
USERDOMAIN=POFSIS
ProgramFiles(x86)=C:\Program Files (x86)
Path=C:/Users/Nico Laguitan/AppData/Local/Programs/Git/mingw64/libexec/git-core;C:\Users\Nico Laguitan\AppData\Local\Programs\Git\mingw64\bin;C:\Users\Nico Laguitan\AppData\Local\Programs\Git\usr\bin;C:\Users\Nico Laguitan\bin;C:\Windows\system32;C:\Windows;C:\Windows\System32\Wbem;C:\Windows\System32\WindowsPowerShell\v1.0\;C:\Windows\System32\OpenSSH\;C:\nvm;C:\nvm4w\nodejs;C:\Program Files\Amazon\AWSCLIV2\;C:\Program Files\Docker\Docker\resources\bin;C:\Program Files\Amazon\AWSSAMCLI\bin\;C:\Users\Nico Laguitan\AppData\Local\Programs\Python\Launcher\;C:\Users\Nico Laguitan\AppData\Local\pnpm;C:\Users\Nico Laguitan\AppData\Local\Microsoft\WindowsApps;C:\Users\Nico Laguitan\AppData\Local\Programs\Microsoft VS Code\bin;C:\Users\Nico Laguitan\AppData\Local\Programs\Git\cmd;C:\Users\Nico Laguitan\AppData\Roaming\npm;C:\Users\Nico Laguitan\AppData\Local\pnpm;C:\Users\Nico Laguitan\AppData\Local\Programs\cursor\resources\app\bin
PROCESSOR_LEVEL=6
PROCESSOR_IDENTIFIER=Intel64 Family 6 Model 94 Stepping 3, GenuineIntel
TMPDIR=C:\Users\NICOLA~1\AppData\Local\Temp
PSModulePath=C:\Users\Nico Laguitan\Documents\WindowsPowerShell\Modules;C:\Program Files\WindowsPowerShell\Modules;C:\Windows\system32\WindowsPowerShell\v1.0\Modules
PUBLIC=C:\Users\Public
NUMBER_OF_PROCESSORS=8
CommonProgramFiles=C:\Program Files (x86)\Common Files
WT_SESSION=5b55b151-95e5-4a19-ba1e-c39817134581
WSLENV=WT_SESSION:WT_PROFILE_ID:
PNPM_HOME=C:\Users\Nico Laguitan\AppData\Local\pnpm
PLINK_PROTOCOL=ssh
ProgramData=C:\ProgramData
ProgramW6432=C:\Program Files
ProgramFiles=C:\Program Files (x86)
SystemRoot=C:\Windows
NVM_SYMLINK=C:\nvm4w\nodejs
NVM_HOME=C:\nvm
SESSIONNAME=Console
LC_CTYPE=C.UTF-8
CommonProgramW6432=C:\Program Files\Common Files
ZES_ENABLE_SYSMAN=1
LOGONSERVER=\\POFSIS
USERPROFILE=C:\Users\Nico Laguitan
USERDOMAIN_ROAMINGPROFILE=POFSIS
APPDATA=C:\Users\Nico Laguitan\AppData\Roaming
HOMEDRIVE=C:
USERNAME=Nico Laguitan
PROCESSOR_ARCHITEW6432=AMD64
PROCESSOR_ARCHITECTURE=x86
OS=Windows_NT
ComSpec=C:\Windows\system32\cmd.exe
SystemDrive=C:
windir=C:\Windows
ALLUSERSPROFILE=C:\ProgramData


------------
Diagnostic: File system
Skipped: False
Success: True
Exception: None
Log:
Temporary directory is 'C:\Users\Nico Laguitan\AppData\Local\Temp\'...
Checking basic file I/O...
Writing to temporary file 'C:\Users\Nico Laguitan\AppData\Local\Temp\cf054f4ca12e508e451ac543'... OK
Reading from temporary file 'C:\Users\Nico Laguitan\AppData\Local\Temp\cf054f4ca12e508e451ac543'... OK
Deleting temporary file 'C:\Users\Nico Laguitan\AppData\Local\Temp\cf054f4ca12e508e451ac543'... OK
Testing IFileSystem instance...
UserHomePath: C:\Users\Nico Laguitan
UserDataDirectoryPath: C:\Users\Nico Laguitan\.gcm
GetCurrentDirectory(): C:\Users\Nico Laguitan\Documents\CC\@ocinkram\-ocinkram-localization

------------
Diagnostic: Networking
Skipped: False
Success: True
Exception: None
Log:
Checking networking and HTTP stack...
Creating HTTP client... OK
IsNetworkAvailable: True
Sending HEAD request to http://example.com...Sending HEAD request to https://example.com... OK
 OK
Acquiring free TCP port... OK
Testing local HTTP loopback connections...
Creating new HTTP listener for http://localhost:65239/... OK
Waiting for loopback connection... OK
Writing response... OK
Waiting for response data... OK
Loopback connection data OK

------------
Diagnostic: Git
Skipped: False
Success: True
Exception: None
Log:
Getting Git version... OK
Git version is '2.49.0.windows.1'
Locating current repository...Git repository at 'C:/Users/Nico Laguitan/Documents/CC/@ocinkram/-ocinkram-localization/.git'
 OK
Listing all Git configuration... OK
Git configuration:
file:C:/Users/Nico Laguitan/AppData/Local/Programs/Git/etc/gitconfig	diff.astextplain.textconv=astextplain
file:C:/Users/Nico Laguitan/AppData/Local/Programs/Git/etc/gitconfig	filter.lfs.clean=git-lfs clean -- %f
file:C:/Users/Nico Laguitan/AppData/Local/Programs/Git/etc/gitconfig	filter.lfs.smudge=git-lfs smudge -- %f
file:C:/Users/Nico Laguitan/AppData/Local/Programs/Git/etc/gitconfig	filter.lfs.process=git-lfs filter-process
file:C:/Users/Nico Laguitan/AppData/Local/Programs/Git/etc/gitconfig	filter.lfs.required=true
file:C:/Users/Nico Laguitan/AppData/Local/Programs/Git/etc/gitconfig	http.sslbackend=schannel
file:C:/Users/Nico Laguitan/AppData/Local/Programs/Git/etc/gitconfig	core.autocrlf=true
file:C:/Users/Nico Laguitan/AppData/Local/Programs/Git/etc/gitconfig	core.fscache=true
file:C:/Users/Nico Laguitan/AppData/Local/Programs/Git/etc/gitconfig	core.symlinks=false
file:C:/Users/Nico Laguitan/AppData/Local/Programs/Git/etc/gitconfig	pull.rebase=false
file:C:/Users/Nico Laguitan/AppData/Local/Programs/Git/etc/gitconfig	credential.https://dev.azure.com.usehttppath=true
file:C:/Users/Nico Laguitan/AppData/Local/Programs/Git/etc/gitconfig	init.defaultbranch=master
file:C:/Users/Nico Laguitan/.gitconfig	core.autocrlf=true
file:C:/Users/Nico Laguitan/.gitconfig	user.name=nalaguitan
file:C:/Users/Nico Laguitan/.gitconfig	user.email=nalaguitan@sjcgroup.ph
file:C:/Users/Nico Laguitan/.gitconfig	difftool.sourcetree.cmd='' 
file:C:/Users/Nico Laguitan/.gitconfig	mergetool.sourcetree.cmd='' 
file:C:/Users/Nico Laguitan/.gitconfig	mergetool.sourcetree.trustexitcode=false
file:C:/Users/Nico Laguitan/.gitconfig	mergetool.sourcetree.keepbackup=false
file:C:/Users/Nico Laguitan/.gitconfig	credential.helperselector.selected=manager
file:C:/Users/Nico Laguitan/.gitconfig	credential.https://git-codecommit.ap-southeast-1.amazonaws.com.provider=generic
file:C:/Users/Nico Laguitan/.gitconfig	credential.usehttppath=true
file:C:/Users/Nico Laguitan/.gitconfig	credential.helper=!aws --profile pofsis-hero-dev codecommit credential-helper $@
file:.git/config	core.repositoryformatversion=0
file:.git/config	core.filemode=false
file:.git/config	core.bare=false
file:.git/config	core.logallrefupdates=true
file:.git/config	core.symlinks=false
file:.git/config	core.ignorecase=true
file:.git/config	remote.origin.url=https://github.com/Ocinkram/-ocinkram-localization.git
file:.git/config	remote.origin.fetch=+refs/heads/*:refs/remotes/origin/*
file:.git/config	branch.main.remote=origin
file:.git/config	branch.main.merge=refs/heads/main


------------
Diagnostic: Credential storage
Skipped: False
Success: True
Exception: None
Log:
ICredentialStore instance is of type: CredentialStore
Writing test credential... OK
Reading test credential... OK
Deleting test credential... OK

------------
Diagnostic: Microsoft authentication (AAD/MSA)
Skipped: False
Success: True
Exception: None
Log:
Broker is not enabled.
Flow type is: Auto
Gathering MSAL token cache data... OK
CacheDirectory: C:\Users\Nico Laguitan\AppData\Local\.IdentityService
CacheFileName: msal.cache
CacheFilePath: C:\Users\Nico Laguitan\AppData\Local\.IdentityService\msal.cache
Creating cache helper... OK
Verifying MSAL token cache persistence... OK

------------
Diagnostic: GitHub API
Skipped: False
Success: True
Exception: None
Log:
Using 'https://github.com/' as API target.
Querying '/meta' endpoint... OK

